2022-08-14 11:59:55,349 INFO o.s.b.StartupInfoLogger [main] Starting CrudWithPostgresqlApplication using Java 12.0.2 on DESKTOP-9NIOTDB with PID 13912 (R:\SpringAPI\Tasks\CRUD-with-postgresql\target\classes started by dell in R:\SpringAPI\Tasks\CRUD-with-postgresql)
2022-08-14 11:59:55,361 INFO o.s.b.SpringApplication [main] No active profile set, falling back to 1 default profile: "default"
2022-08-14 11:59:56,846 INFO o.s.d.r.c.RepositoryConfigurationDelegate [main] Bootstrapping Spring Data JPA repositories in DEFAULT mode.
2022-08-14 11:59:56,970 INFO o.s.d.r.c.RepositoryConfigurationDelegate [main] Finished Spring Data repository scanning in 110 ms. Found 5 JPA repository interfaces.
2022-08-14 11:59:58,636 INFO o.s.b.w.e.t.TomcatWebServer [main] Tomcat initialized with port(s): 7000 (http)
2022-08-14 11:59:58,651 INFO o.a.j.l.DirectJDKLog [main] Initializing ProtocolHandler ["http-nio-7000"]
2022-08-14 11:59:58,652 INFO o.a.j.l.DirectJDKLog [main] Starting service [Tomcat]
2022-08-14 11:59:58,652 INFO o.a.j.l.DirectJDKLog [main] Starting Servlet engine: [Apache Tomcat/9.0.65]
2022-08-14 11:59:58,916 INFO o.a.j.l.DirectJDKLog [main] Initializing Spring embedded WebApplicationContext
2022-08-14 11:59:58,917 INFO o.s.b.w.s.c.ServletWebServerApplicationContext [main] Root WebApplicationContext: initialization completed in 3468 ms
2022-08-14 11:59:59,240 INFO o.h.j.i.u.LogHelper [main] HHH000204: Processing PersistenceUnitInfo [name: default]
2022-08-14 11:59:59,340 INFO o.h.Version [main] HHH000412: Hibernate ORM core version 5.6.10.Final
2022-08-14 11:59:59,624 INFO o.h.a.c.r.j.JavaReflectionManager [main] HCANN000001: Hibernate Commons Annotations {5.1.2.Final}
2022-08-14 11:59:59,779 INFO c.z.h.HikariDataSource [main] HikariPool-1 - Starting...
2022-08-14 12:00:00,087 INFO c.z.h.HikariDataSource [main] HikariPool-1 - Start completed.
2022-08-14 12:00:00,115 INFO o.h.d.Dialect [main] HHH000400: Using dialect: org.hibernate.dialect.PostgreSQLDialect
2022-08-14 12:00:01,504 INFO o.h.e.t.j.p.i.JtaPlatformInitiator [main] HHH000490: Using JtaPlatform implementation: [org.hibernate.engine.transaction.jta.platform.internal.NoJtaPlatform]
2022-08-14 12:00:01,517 INFO o.s.o.j.AbstractEntityManagerFactoryBean [main] Initialized JPA EntityManagerFactory for persistence unit 'default'
2022-08-14 12:00:02,486 WARN o.s.b.a.o.j.JpaBaseConfiguration$JpaWebConfiguration [main] spring.jpa.open-in-view is enabled by default. Therefore, database queries may be performed during view rendering. Explicitly configure spring.jpa.open-in-view to disable this warning
2022-08-14 12:00:04,015 INFO o.a.j.l.DirectJDKLog [main] Starting ProtocolHandler ["http-nio-7000"]
2022-08-14 12:00:04,046 INFO o.s.b.w.e.t.TomcatWebServer [main] Tomcat started on port(s): 7000 (http) with context path ''
2022-08-14 12:00:04,061 INFO o.s.b.StartupInfoLogger [main] Started CrudWithPostgresqlApplication in 9.296 seconds (JVM running for 10.761)
2022-08-14 12:00:20,349 INFO o.a.j.l.DirectJDKLog [http-nio-7000-exec-2] Initializing Spring DispatcherServlet 'dispatcherServlet'
2022-08-14 12:00:20,350 INFO o.s.w.s.FrameworkServlet [http-nio-7000-exec-2] Initializing Servlet 'dispatcherServlet'
2022-08-14 12:00:20,353 INFO o.s.w.s.FrameworkServlet [http-nio-7000-exec-2] Completed initialization in 3 ms
2022-08-14 12:00:20,416 INFO c.e.C.w.p.c.LoggingController [http-nio-7000-exec-2] An INFO Message
2022-08-14 12:00:20,417 WARN c.e.C.w.p.c.LoggingController [http-nio-7000-exec-2] A WARN Message
2022-08-14 12:00:20,417 ERROR c.e.C.w.p.c.LoggingController [http-nio-7000-exec-2] An ERROR Message
2022-08-14 12:16:37,326 INFO o.s.o.j.AbstractEntityManagerFactoryBean [SpringApplicationShutdownHook] Closing JPA EntityManagerFactory for persistence unit 'default'
2022-08-14 12:16:37,329 INFO c.z.h.HikariDataSource [SpringApplicationShutdownHook] HikariPool-1 - Shutdown initiated...
2022-08-14 12:16:37,350 INFO c.z.h.HikariDataSource [SpringApplicationShutdownHook] HikariPool-1 - Shutdown completed.
